2025-06-30 06:20:47,085 [ERROR] main: ❌ Error checking call status for 1a2d48d1-85b8-4a7d-9aa8-90dc94ad4a30
Traceback (most recent call last):
  File "/Users/mac/Desktop/Arşiv/backend/main.py", line 629, in get_call_status
    has_transcript = bool(data.get("transcript", "").strip())
                          ^^^^^^^^^^^^^^^^^^^^^^^^^^^^^^^^
AttributeError: 'NoneType' object has no attribute 'strip'
2025-06-30 06:20:48,619 [ERROR] main: ❌ Error checking call status for 1a2d48d1-85b8-4a7d-9aa8-90dc94ad4a30
Traceback (most recent call last):
  File "/Users/mac/Desktop/Arşiv/backend/main.py", line 629, in get_call_status
    has_transcript = bool(data.get("transcript", "").strip())
                          ^^^^^^^^^^^^^^^^^^^^^^^^^^^^^^^^
AttributeError: 'NoneType' object has no attribute 'strip'
2025-06-30 06:20:50,438 [ERROR] main: ❌ Error checking call status for 1a2d48d1-85b8-4a7d-9aa8-90dc94ad4a30
Traceback (most recent call last):
  File "/Users/mac/Desktop/Arşiv/backend/main.py", line 629, in get_call_status
    has_transcript = bool(data.get("transcript", "").strip())
                          ^^^^^^^^^^^^^^^^^^^^^^^^^^^^^^^^
AttributeError: 'NoneType' object has no attribute 'strip'
2025-06-30 06:22:32,714 [ERROR] main: ❌ Error checking call status for e5259f30-ef2a-4128-add2-ef9287835f09
Traceback (most recent call last):
  File "/Users/mac/Desktop/Arşiv/backend/main.py", line 629, in get_call_status
    has_transcript = bool(data.get("transcript", "").strip())
                          ^^^^^^^^^^^^^^^^^^^^^^^^^^^^^^^^
AttributeError: 'NoneType' object has no attribute 'strip'
2025-06-30 06:22:34,474 [ERROR] main: ❌ Error checking call status for e5259f30-ef2a-4128-add2-ef9287835f09
Traceback (most recent call last):
  File "/Users/mac/Desktop/Arşiv/backend/main.py", line 629, in get_call_status
    has_transcript = bool(data.get("transcript", "").strip())
                          ^^^^^^^^^^^^^^^^^^^^^^^^^^^^^^^^
AttributeError: 'NoneType' object has no attribute 'strip'
2025-06-30 06:22:35,515 [ERROR] main: ❌ Error checking call status for e5259f30-ef2a-4128-add2-ef9287835f09
Traceback (most recent call last):
  File "/Users/mac/Desktop/Arşiv/backend/main.py", line 629, in get_call_status
    has_transcript = bool(data.get("transcript", "").strip())
                          ^^^^^^^^^^^^^^^^^^^^^^^^^^^^^^^^
AttributeError: 'NoneType' object has no attribute 'strip'
2025-06-30 06:22:36,982 [ERROR] main: ❌ Error checking call status for e5259f30-ef2a-4128-add2-ef9287835f09
Traceback (most recent call last):
  File "/Users/mac/Desktop/Arşiv/backend/main.py", line 629, in get_call_status
    has_transcript = bool(data.get("transcript", "").strip())
                          ^^^^^^^^^^^^^^^^^^^^^^^^^^^^^^^^
AttributeError: 'NoneType' object has no attribute 'strip'
2025-06-30 06:26:46,539 [ERROR] main: ❌ Error checking call status for b1ce1929-0ab0-49f5-bbcf-4b0c6e7b03f2
Traceback (most recent call last):
  File "/Users/mac/Desktop/Arşiv/backend/main.py", line 629, in get_call_status
    has_transcript = bool(data.get("transcript", "").strip())
                          ^^^^^^^^^^^^^^^^^^^^^^^^^^^^^^^^
AttributeError: 'NoneType' object has no attribute 'strip'
2025-06-30 06:26:48,315 [ERROR] main: ❌ Error checking call status for b1ce1929-0ab0-49f5-bbcf-4b0c6e7b03f2
Traceback (most recent call last):
  File "/Users/mac/Desktop/Arşiv/backend/main.py", line 629, in get_call_status
    has_transcript = bool(data.get("transcript", "").strip())
                          ^^^^^^^^^^^^^^^^^^^^^^^^^^^^^^^^
AttributeError: 'NoneType' object has no attribute 'strip'
2025-06-30 06:26:49,352 [ERROR] main: ❌ Error checking call status for b1ce1929-0ab0-49f5-bbcf-4b0c6e7b03f2
Traceback (most recent call last):
  File "/Users/mac/Desktop/Arşiv/backend/main.py", line 629, in get_call_status
    has_transcript = bool(data.get("transcript", "").strip())
                          ^^^^^^^^^^^^^^^^^^^^^^^^^^^^^^^^
AttributeError: 'NoneType' object has no attribute 'strip'
2025-06-30 06:26:50,811 [ERROR] main: ❌ Error checking call status for b1ce1929-0ab0-49f5-bbcf-4b0c6e7b03f2
Traceback (most recent call last):
  File "/Users/mac/Desktop/Arşiv/backend/main.py", line 629, in get_call_status
    has_transcript = bool(data.get("transcript", "").strip())
                          ^^^^^^^^^^^^^^^^^^^^^^^^^^^^^^^^
AttributeError: 'NoneType' object has no attribute 'strip'
2025-06-30 06:27:02,123 [ERROR] main: ❌ Error checking call status for test-call-id-1751254021850
Traceback (most recent call last):
  File "/Users/mac/Desktop/Arşiv/backend/main.py", line 615, in get_call_status
    ).eq("call_id", call_id).maybe_single().execute()
                                            ^^^^^^^^^
  File "/Users/mac/Desktop/Arşiv/venv/lib/python3.12/site-packages/postgrest/_sync/request_builder.py", line 143, in execute
    raise APIError(
postgrest.exceptions.APIError: {'message': 'Missing response', 'code': '204', 'hint': 'Please check traceback of the code', 'details': "Postgrest couldn't retrieve response, please check traceback of the code. Please create an issue in `supabase-community/postgrest-py` if needed."}
2025-06-30 06:27:03,164 [ERROR] main: ❌ Error checking call status for test-call-id-1751254021850
Traceback (most recent call last):
  File "/Users/mac/Desktop/Arşiv/backend/main.py", line 615, in get_call_status
    ).eq("call_id", call_id).maybe_single().execute()
                                            ^^^^^^^^^
  File "/Users/mac/Desktop/Arşiv/venv/lib/python3.12/site-packages/postgrest/_sync/request_builder.py", line 143, in execute
    raise APIError(
postgrest.exceptions.APIError: {'message': 'Missing response', 'code': '204', 'hint': 'Please check traceback of the code', 'details': "Postgrest couldn't retrieve response, please check traceback of the code. Please create an issue in `supabase-community/postgrest-py` if needed."}
2025-06-30 06:27:04,661 [ERROR] main: ❌ Error checking call status for test-call-id-1751254021850
Traceback (most recent call last):
  File "/Users/mac/Desktop/Arşiv/backend/main.py", line 615, in get_call_status
    ).eq("call_id", call_id).maybe_single().execute()
                                            ^^^^^^^^^
  File "/Users/mac/Desktop/Arşiv/venv/lib/python3.12/site-packages/postgrest/_sync/request_builder.py", line 143, in execute
    raise APIError(
postgrest.exceptions.APIError: {'message': 'Missing response', 'code': '204', 'hint': 'Please check traceback of the code', 'details': "Postgrest couldn't retrieve response, please check traceback of the code. Please create an issue in `supabase-community/postgrest-py` if needed."}
2025-06-30 06:27:06,581 [ERROR] main: ❌ Error checking call status for test-call-id-1751254021850
Traceback (most recent call last):
  File "/Users/mac/Desktop/Arşiv/backend/main.py", line 615, in get_call_status
    ).eq("call_id", call_id).maybe_single().execute()
                                            ^^^^^^^^^
  File "/Users/mac/Desktop/Arşiv/venv/lib/python3.12/site-packages/postgrest/_sync/request_builder.py", line 143, in execute
    raise APIError(
postgrest.exceptions.APIError: {'message': 'Missing response', 'code': '204', 'hint': 'Please check traceback of the code', 'details': "Postgrest couldn't retrieve response, please check traceback of the code. Please create an issue in `supabase-community/postgrest-py` if needed."}
2025-06-30 06:27:06,883 [ERROR] main: 🔥 Error in /log-call for call_id=test-call-id-1751254021850
Traceback (most recent call last):
  File "/Users/mac/Desktop/Arşiv/backend/main.py", line 354, in get_call_log
    ).eq("call_id", call_id).maybe_single().execute()
                                            ^^^^^^^^^
  File "/Users/mac/Desktop/Arşiv/venv/lib/python3.12/site-packages/postgrest/_sync/request_builder.py", line 143, in execute
    raise APIError(
postgrest.exceptions.APIError: {'message': 'Missing response', 'code': '204', 'hint': 'Please check traceback of the code', 'details': "Postgrest couldn't retrieve response, please check traceback of the code. Please create an issue in `supabase-community/postgrest-py` if needed."}
2025-06-30 06:27:07,191 [ERROR] main: 🔥 Error in /log-call for call_id=test-call-id-1751254021850
Traceback (most recent call last):
  File "/Users/mac/Desktop/Arşiv/backend/main.py", line 354, in get_call_log
    ).eq("call_id", call_id).maybe_single().execute()
                                            ^^^^^^^^^
  File "/Users/mac/Desktop/Arşiv/venv/lib/python3.12/site-packages/postgrest/_sync/request_builder.py", line 143, in execute
    raise APIError(
postgrest.exceptions.APIError: {'message': 'Missing response', 'code': '204', 'hint': 'Please check traceback of the code', 'details': "Postgrest couldn't retrieve response, please check traceback of the code. Please create an issue in `supabase-community/postgrest-py` if needed."}
2025-06-30 06:27:07,499 [ERROR] main: 🔥 Error in /log-call for call_id=test-call-id-1751254021850
Traceback (most recent call last):
  File "/Users/mac/Desktop/Arşiv/backend/main.py", line 354, in get_call_log
    ).eq("call_id", call_id).maybe_single().execute()
                                            ^^^^^^^^^
  File "/Users/mac/Desktop/Arşiv/venv/lib/python3.12/site-packages/postgrest/_sync/request_builder.py", line 143, in execute
    raise APIError(
postgrest.exceptions.APIError: {'message': 'Missing response', 'code': '204', 'hint': 'Please check traceback of the code', 'details': "Postgrest couldn't retrieve response, please check traceback of the code. Please create an issue in `supabase-community/postgrest-py` if needed."}
2025-06-30 06:27:09,760 [ERROR] main: 🔥 Error in /log-call for call_id=test-call-id-1751254021850
Traceback (most recent call last):
  File "/Users/mac/Desktop/Arşiv/backend/main.py", line 354, in get_call_log
    ).eq("call_id", call_id).maybe_single().execute()
                                            ^^^^^^^^^
  File "/Users/mac/Desktop/Arşiv/venv/lib/python3.12/site-packages/postgrest/_sync/request_builder.py", line 143, in execute
    raise APIError(
postgrest.exceptions.APIError: {'message': 'Missing response', 'code': '204', 'hint': 'Please check traceback of the code', 'details': "Postgrest couldn't retrieve response, please check traceback of the code. Please create an issue in `supabase-community/postgrest-py` if needed."}
2025-06-30 06:27:10,068 [ERROR] main: 🔥 Error in /api/end-training-session
Traceback (most recent call last):
  File "/Users/mac/Desktop/Arşiv/backend/main.py", line 876, in end_training_session
    }).eq("call_id", data.call_id).execute()
                                   ^^^^^^^^^
  File "/Users/mac/Desktop/Arşiv/venv/lib/python3.12/site-packages/postgrest/_sync/request_builder.py", line 78, in execute
    raise APIError(r.json())
postgrest.exceptions.APIError: {'code': '22P02', 'details': None, 'hint': None, 'message': 'invalid input syntax for type uuid: "test-call-id-1751254021850"'}
2025-06-30 06:34:06,436 [ERROR] main: ❌ Error checking call status for a0ac4f23-4d51-4b56-93c0-a98678134bbe
Traceback (most recent call last):
  File "/Users/mac/Desktop/Arşiv/backend/main.py", line 629, in get_call_status
    has_transcript = bool(data.get("transcript", "").strip())
                          ^^^^^^^^^^^^^^^^^^^^^^^^^^^^^^^^
AttributeError: 'NoneType' object has no attribute 'strip'
2025-06-30 06:34:07,499 [ERROR] main: ❌ Error checking call status for a0ac4f23-4d51-4b56-93c0-a98678134bbe
Traceback (most recent call last):
  File "/Users/mac/Desktop/Arşiv/backend/main.py", line 629, in get_call_status
    has_transcript = bool(data.get("transcript", "").strip())
                          ^^^^^^^^^^^^^^^^^^^^^^^^^^^^^^^^
AttributeError: 'NoneType' object has no attribute 'strip'
2025-06-30 06:34:08,993 [ERROR] main: ❌ Error checking call status for a0ac4f23-4d51-4b56-93c0-a98678134bbe
Traceback (most recent call last):
  File "/Users/mac/Desktop/Arşiv/backend/main.py", line 629, in get_call_status
    has_transcript = bool(data.get("transcript", "").strip())
                          ^^^^^^^^^^^^^^^^^^^^^^^^^^^^^^^^
AttributeError: 'NoneType' object has no attribute 'strip'
2025-06-30 06:34:10,848 [ERROR] main: ❌ Error checking call status for a0ac4f23-4d51-4b56-93c0-a98678134bbe
Traceback (most recent call last):
  File "/Users/mac/Desktop/Arşiv/backend/main.py", line 629, in get_call_status
    has_transcript = bool(data.get("transcript", "").strip())
                          ^^^^^^^^^^^^^^^^^^^^^^^^^^^^^^^^
AttributeError: 'NoneType' object has no attribute 'strip'
2025-07-01 02:00:06,310 [ERROR] main: ❌ Error checking call status for 11779891-1c98-4e7e-8c54-b0973a82681d
Traceback (most recent call last):
  File "/Users/mac/Desktop/Arşiv/backend/main.py", line 805, in get_call_status
    has_transcript = bool(data.get("transcript", "").strip())
                          ^^^^^^^^^^^^^^^^^^^^^^^^^^^^^^^^
AttributeError: 'NoneType' object has no attribute 'strip'
2025-07-01 02:00:08,153 [ERROR] main: ❌ Error checking call status for 11779891-1c98-4e7e-8c54-b0973a82681d
Traceback (most recent call last):
  File "/Users/mac/Desktop/Arşiv/backend/main.py", line 805, in get_call_status
    has_transcript = bool(data.get("transcript", "").strip())
                          ^^^^^^^^^^^^^^^^^^^^^^^^^^^^^^^^
AttributeError: 'NoneType' object has no attribute 'strip'
2025-07-01 02:00:09,231 [ERROR] main: ❌ Error checking call status for 11779891-1c98-4e7e-8c54-b0973a82681d
Traceback (most recent call last):
  File "/Users/mac/Desktop/Arşiv/backend/main.py", line 805, in get_call_status
    has_transcript = bool(data.get("transcript", "").strip())
                          ^^^^^^^^^^^^^^^^^^^^^^^^^^^^^^^^
AttributeError: 'NoneType' object has no attribute 'strip'
2025-07-01 02:00:10,702 [ERROR] main: ❌ Error checking call status for 11779891-1c98-4e7e-8c54-b0973a82681d
Traceback (most recent call last):
  File "/Users/mac/Desktop/Arşiv/backend/main.py", line 805, in get_call_status
    has_transcript = bool(data.get("transcript", "").strip())
                          ^^^^^^^^^^^^^^^^^^^^^^^^^^^^^^^^
AttributeError: 'NoneType' object has no attribute 'strip'
2025-07-01 02:00:12,732 [ERROR] main: ❌ Error checking call status for 11779891-1c98-4e7e-8c54-b0973a82681d
Traceback (most recent call last):
  File "/Users/mac/Desktop/Arşiv/backend/main.py", line 805, in get_call_status
    has_transcript = bool(data.get("transcript", "").strip())
                          ^^^^^^^^^^^^^^^^^^^^^^^^^^^^^^^^
AttributeError: 'NoneType' object has no attribute 'strip'
2025-07-01 02:01:27,604 [ERROR] main: ❌ Error checking call status for test-call-id-1751324486601
Traceback (most recent call last):
  File "/Users/mac/Desktop/Arşiv/backend/main.py", line 791, in get_call_status
    ).eq("call_id", call_id).maybe_single().execute()
                                            ^^^^^^^^^
  File "/Users/mac/Desktop/Arşiv/venv/lib/python3.12/site-packages/postgrest/_sync/request_builder.py", line 143, in execute
    raise APIError(
postgrest.exceptions.APIError: {'message': 'Missing response', 'code': '204', 'hint': 'Please check traceback of the code', 'details': "Postgrest couldn't retrieve response, please check traceback of the code. Please create an issue in `supabase-community/postgrest-py` if needed."}
2025-07-01 02:01:28,713 [ERROR] main: ❌ Error checking call status for test-call-id-1751324486601
Traceback (most recent call last):
  File "/Users/mac/Desktop/Arşiv/backend/main.py", line 791, in get_call_status
    ).eq("call_id", call_id).maybe_single().execute()
                                            ^^^^^^^^^
  File "/Users/mac/Desktop/Arşiv/venv/lib/python3.12/site-packages/postgrest/_sync/request_builder.py", line 143, in execute
    raise APIError(
postgrest.exceptions.APIError: {'message': 'Missing response', 'code': '204', 'hint': 'Please check traceback of the code', 'details': "Postgrest couldn't retrieve response, please check traceback of the code. Please create an issue in `supabase-community/postgrest-py` if needed."}
2025-07-01 02:01:30,243 [ERROR] main: ❌ Error checking call status for test-call-id-1751324486601
Traceback (most recent call last):
  File "/Users/mac/Desktop/Arşiv/backend/main.py", line 791, in get_call_status
    ).eq("call_id", call_id).maybe_single().execute()
                                            ^^^^^^^^^
  File "/Users/mac/Desktop/Arşiv/venv/lib/python3.12/site-packages/postgrest/_sync/request_builder.py", line 143, in execute
    raise APIError(
postgrest.exceptions.APIError: {'message': 'Missing response', 'code': '204', 'hint': 'Please check traceback of the code', 'details': "Postgrest couldn't retrieve response, please check traceback of the code. Please create an issue in `supabase-community/postgrest-py` if needed."}
2025-07-01 02:01:32,190 [ERROR] main: ❌ Error checking call status for test-call-id-1751324486601
Traceback (most recent call last):
  File "/Users/mac/Desktop/Arşiv/backend/main.py", line 791, in get_call_status
    ).eq("call_id", call_id).maybe_single().execute()
                                            ^^^^^^^^^
  File "/Users/mac/Desktop/Arşiv/venv/lib/python3.12/site-packages/postgrest/_sync/request_builder.py", line 143, in execute
    raise APIError(
postgrest.exceptions.APIError: {'message': 'Missing response', 'code': '204', 'hint': 'Please check traceback of the code', 'details': "Postgrest couldn't retrieve response, please check traceback of the code. Please create an issue in `supabase-community/postgrest-py` if needed."}
2025-07-01 02:01:32,441 [ERROR] main: 🔥 Error in /log-call for call_id=test-call-id-1751324486601
Traceback (most recent call last):
  File "/Users/mac/Desktop/Arşiv/backend/main.py", line 720, in get_call_log
    ).eq("call_id", call_id).maybe_single().execute()
                                            ^^^^^^^^^
  File "/Users/mac/Desktop/Arşiv/venv/lib/python3.12/site-packages/postgrest/_sync/request_builder.py", line 143, in execute
    raise APIError(
postgrest.exceptions.APIError: {'message': 'Missing response', 'code': '204', 'hint': 'Please check traceback of the code', 'details': "Postgrest couldn't retrieve response, please check traceback of the code. Please create an issue in `supabase-community/postgrest-py` if needed."}
2025-07-01 02:01:32,706 [ERROR] main: 🔥 Error in /log-call for call_id=test-call-id-1751324486601
Traceback (most recent call last):
  File "/Users/mac/Desktop/Arşiv/backend/main.py", line 720, in get_call_log
    ).eq("call_id", call_id).maybe_single().execute()
                                            ^^^^^^^^^
  File "/Users/mac/Desktop/Arşiv/venv/lib/python3.12/site-packages/postgrest/_sync/request_builder.py", line 143, in execute
    raise APIError(
postgrest.exceptions.APIError: {'message': 'Missing response', 'code': '204', 'hint': 'Please check traceback of the code', 'details': "Postgrest couldn't retrieve response, please check traceback of the code. Please create an issue in `supabase-community/postgrest-py` if needed."}
2025-07-01 02:01:33,007 [ERROR] main: 🔥 Error in /log-call for call_id=test-call-id-1751324486601
Traceback (most recent call last):
  File "/Users/mac/Desktop/Arşiv/backend/main.py", line 720, in get_call_log
    ).eq("call_id", call_id).maybe_single().execute()
                                            ^^^^^^^^^
  File "/Users/mac/Desktop/Arşiv/venv/lib/python3.12/site-packages/postgrest/_sync/request_builder.py", line 143, in execute
    raise APIError(
postgrest.exceptions.APIError: {'message': 'Missing response', 'code': '204', 'hint': 'Please check traceback of the code', 'details': "Postgrest couldn't retrieve response, please check traceback of the code. Please create an issue in `supabase-community/postgrest-py` if needed."}
2025-07-01 02:01:35,370 [ERROR] main: 🔥 Error in /log-call for call_id=test-call-id-1751324486601
Traceback (most recent call last):
  File "/Users/mac/Desktop/Arşiv/backend/main.py", line 720, in get_call_log
    ).eq("call_id", call_id).maybe_single().execute()
                                            ^^^^^^^^^
  File "/Users/mac/Desktop/Arşiv/venv/lib/python3.12/site-packages/postgrest/_sync/request_builder.py", line 143, in execute
    raise APIError(
postgrest.exceptions.APIError: {'message': 'Missing response', 'code': '204', 'hint': 'Please check traceback of the code', 'details': "Postgrest couldn't retrieve response, please check traceback of the code. Please create an issue in `supabase-community/postgrest-py` if needed."}
2025-07-01 02:01:35,721 [ERROR] main: 🔥 Error in /api/end-training-session
Traceback (most recent call last):
  File "/Users/mac/Desktop/Arşiv/backend/main.py", line 1080, in end_training_session
    }).eq("call_id", data.call_id).execute()
                                   ^^^^^^^^^
  File "/Users/mac/Desktop/Arşiv/venv/lib/python3.12/site-packages/postgrest/_sync/request_builder.py", line 78, in execute
    raise APIError(r.json())
postgrest.exceptions.APIError: {'code': '22P02', 'details': None, 'hint': None, 'message': 'invalid input syntax for type uuid: "test-call-id-1751324486601"'}
2025-07-01 03:48:52,258 [ERROR] main: ❌ Error checking call status for 69aa1b6f-2938-451f-9f2f-45a231ad1774
Traceback (most recent call last):
  File "/Users/mac/Desktop/Arşiv/backend/main.py", line 805, in get_call_status
    has_transcript = bool(data.get("transcript", "").strip())
                          ^^^^^^^^^^^^^^^^^^^^^^^^^^^^^^^^
AttributeError: 'NoneType' object has no attribute 'strip'
2025-07-01 04:13:40,842 [ERROR] main: 🔥 Error processing regular call
Traceback (most recent call last):
  File "/Users/mac/Desktop/Arşiv/backend/main.py", line 241, in handle_regular_call
    result = supabase.table("call_logs").upsert(payload, on_conflict=["call_id"]).execute()
             ^^^^^^^^^^^^^^^^^^^^^^^^^^^^^^^^^^^^^^^^^^^^^^^^^^^^^^^^^^^^^^^^^^^^^^^^^^^^^^
  File "/Users/mac/Desktop/Arşiv/venv/lib/python3.12/site-packages/postgrest/_sync/request_builder.py", line 78, in execute
    raise APIError(r.json())
postgrest.exceptions.APIError: {'code': '23502', 'details': 'Failing row contains (null, 7452997b-767b-49da-98c5-32e5497fdb1a, 780bad63-528a-46ac-8035-e213d01a8675, null, +905520247786, outbound, 0, null, , completed, 2025-07-01 01:13:39.631+00, 2025-07-01 01:13:40.599076+00, 2025-07-01 01:13:40.599104+00, customer-did-not-answer, , null, CA8044570005087277c0e53e039aeae871, null, , null, 6, neutral, 2025-07-01 01:12:50.765+00, 2025-07-01 01:13:39.631+00, vapi, null, Call completed successfully).', 'hint': None, 'message': 'null value in column "id" of relation "call_logs" violates not-null constraint'}
2025-07-01 04:15:18,437 [ERROR] main: 🔥 Error processing regular call
Traceback (most recent call last):
  File "/Users/mac/Desktop/Arşiv/backend/main.py", line 241, in handle_regular_call
    result = supabase.table("call_logs").upsert(payload, on_conflict=["call_id"]).execute()
             ^^^^^^^^^^^^^^^^^^^^^^^^^^^^^^^^^^^^^^^^^^^^^^^^^^^^^^^^^^^^^^^^^^^^^^^^^^^^^^
  File "/Users/mac/Desktop/Arşiv/venv/lib/python3.12/site-packages/postgrest/_sync/request_builder.py", line 78, in execute
    raise APIError(r.json())
postgrest.exceptions.APIError: {'code': '23502', 'details': 'Failing row contains (null, c50a7010-b319-4b6e-8236-7ab7b513f9df, 780bad63-528a-46ac-8035-e213d01a8675, null, +905520247786, outbound, 0, null, , completed, 2025-07-01 01:15:17.317+00, 2025-07-01 01:15:18.197691+00, 2025-07-01 01:15:18.197714+00, customer-did-not-answer, , null, CAb17da201cd2c4bb10bf5e8198f17064c, null, , null, 6, neutral, 2025-07-01 01:14:27.565+00, 2025-07-01 01:15:17.317+00, vapi, null, Call completed successfully).', 'hint': None, 'message': 'null value in column "id" of relation "call_logs" violates not-null constraint'}
2025-07-01 04:18:47,472 [ERROR] main: 🔥 Error processing regular call
Traceback (most recent call last):
  File "/Users/mac/Desktop/Arşiv/backend/main.py", line 241, in handle_regular_call
    result = supabase.table("call_logs").upsert(payload, on_conflict=["call_id"]).execute()
             ^^^^^^^^^^^^^^^^^^^^^^^^^^^^^^^^^^^^^^^^^^^^^^^^^^^^^^^^^^^^^^^^^^^^^^^^^^^^^^
  File "/Users/mac/Desktop/Arşiv/venv/lib/python3.12/site-packages/postgrest/_sync/request_builder.py", line 78, in execute
    raise APIError(r.json())
postgrest.exceptions.APIError: {'code': '23502', 'details': 'Failing row contains (null, 6a9216f7-fe81-4e7f-ad2c-59ae71a71814, 780bad63-528a-46ac-8035-e213d01a8675, null, , webCall, 7, null, AI: Thank you for calling Wellness Partners. This is Riley, your..., completed, 2025-07-01 01:18:26.247+00, 2025-07-01 01:18:47.230617+00, 2025-07-01 01:18:47.230631+00, customer-ended-call, The call began with an AI scheduling assistant from Wellness Par..., null, null, null, The call began with an AI scheduling assistant from Wellness Par..., null, 6, neutral, 2025-07-01 01:18:26.247+00, 2025-07-01 01:18:26.247+00, vapi, null, The call began with an AI scheduling assistant from Wellness Par...).', 'hint': None, 'message': 'null value in column "id" of relation "call_logs" violates not-null constraint'}
2025-07-07 12:49:54,328 [ERROR] main: ❌ Error checking call status for 0028b329-1a67-45b2-80de-5d1d55f2a984
Traceback (most recent call last):
  File "/Users/mac/Desktop/Arşiv/backend/main.py", line 805, in get_call_status
    has_transcript = bool(data.get("transcript", "").strip())
                          ^^^^^^^^^^^^^^^^^^^^^^^^^^^^^^^^
AttributeError: 'NoneType' object has no attribute 'strip'
2025-07-07 12:49:56,106 [ERROR] main: ❌ Error checking call status for 0028b329-1a67-45b2-80de-5d1d55f2a984
Traceback (most recent call last):
  File "/Users/mac/Desktop/Arşiv/backend/main.py", line 805, in get_call_status
    has_transcript = bool(data.get("transcript", "").strip())
                          ^^^^^^^^^^^^^^^^^^^^^^^^^^^^^^^^
AttributeError: 'NoneType' object has no attribute 'strip'
2025-07-07 12:49:57,258 [ERROR] main: ❌ Error checking call status for 0028b329-1a67-45b2-80de-5d1d55f2a984
Traceback (most recent call last):
  File "/Users/mac/Desktop/Arşiv/backend/main.py", line 805, in get_call_status
    has_transcript = bool(data.get("transcript", "").strip())
                          ^^^^^^^^^^^^^^^^^^^^^^^^^^^^^^^^
AttributeError: 'NoneType' object has no attribute 'strip'
2025-07-07 12:49:58,704 [ERROR] main: ❌ Error checking call status for 0028b329-1a67-45b2-80de-5d1d55f2a984
Traceback (most recent call last):
  File "/Users/mac/Desktop/Arşiv/backend/main.py", line 805, in get_call_status
    has_transcript = bool(data.get("transcript", "").strip())
                          ^^^^^^^^^^^^^^^^^^^^^^^^^^^^^^^^
AttributeError: 'NoneType' object has no attribute 'strip'
